# JRE version: Java(TM) SE Runtime Environment (24.0.1+9) (build 24.0.1+9-30)
# Java VM: Java HotSpot(TM) 64-Bit Server VM (24.0.1+9-30, mixed mode, sharing, tiered, compressed oops, compressed class ptrs, parallel gc, windows-amd64)
GC Precious Log:
 CardTable entry size: 512
 CPUs: 12 total, 12 available
 Memory: 16068M
 Large Page Support: Disabled
 NUMA Support: Disabled
 Compressed Oops: Enabled (32-bit)
 Alignments: Space 512K, Generation 512K, Heap 2M
 Heap Min Capacity: 100M
 Heap Initial Capacity: 100M
 Heap Max Capacity: 2G
 Pre-touch: Disabled
 Parallel Workers: 10
Heap:
 PSYoungGen      total 32768K, used 25251K [0x00000000d5580000, 0x00000000d8080000, 0x0000000100000000)
  eden space 21504K, 69% used [0x00000000d5580000,0x00000000d6408720,0x00000000d6a80000)
  from space 11264K, 92% used [0x00000000d6a80000,0x00000000d74a0558,0x00000000d7580000)
  to   space 11264K, 0% used [0x00000000d7580000,0x00000000d7580000,0x00000000d8080000)
 ParOldGen       total 696832K, used 696655K [0x0000000080000000, 0x00000000aa880000, 0x00000000d5580000)
  object space 696832K, 99% used [0x0000000080000000,0x00000000aa853ef0,0x00000000aa880000)
 Metaspace       used 74006K, committed 75584K, reserved 1179648K
  class space    used 6705K, committed 7360K, reserved 1048576K
GC Heap History (20 events):
Event: 123.729 GC heap before
{Heap before GC invocations=394 (full 4):
 PSYoungGen      total 32256K, used 32046K [0x00000000d5580000, 0x00000000d7880000, 0x0000000100000000)
  eden space 28672K, 100% used [0x00000000d5580000,0x00000000d7180000,0x00000000d7180000)
  from space 3584K, 94% used [0x00000000d7200000,0x00000000d754b868,0x00000000d7580000)
  to   space 3072K, 0% used [0x00000000d7580000,0x00000000d7580000,0x00000000d7880000)
 ParOldGen       total 676352K, used 676146K [0x0000000080000000, 0x00000000a9480000, 0x00000000d5580000)
  object space 676352K, 99% used [0x0000000080000000,0x00000000a944c9f8,0x00000000a9480000)
 Metaspace       used 73812K, committed 75328K, reserved 1179648K
  class space    used 6675K, committed 7296K, reserved 1048576K
}
Event: 123.735 GC heap after
{Heap after GC invocations=394 (full 4):
 PSYoungGen      total 30720K, used 868K [0x00000000d5580000, 0x00000000d7680000, 0x0000000100000000)
  eden space 29696K, 0% used [0x00000000d5580000,0x00000000d5580000,0x00000000d7280000)
  from space 1024K, 84% used [0x00000000d7580000,0x00000000d76592f0,0x00000000d7680000)
  to   space 2048K, 0% used [0x00000000d7280000,0x00000000d7280000,0x00000000d7480000)
 ParOldGen       total 677888K, used 677441K [0x0000000080000000, 0x00000000a9600000, 0x00000000d5580000)
  object space 677888K, 99% used [0x0000000080000000,0x00000000a95907f0,0x00000000a9600000)
 Metaspace       used 73812K, committed 75328K, reserved 1179648K
  class space    used 6675K, committed 7296K, reserved 1048576K
}
Event: 123.935 GC heap before
{Heap before GC invocations=395 (full 4):
 PSYoungGen      total 30720K, used 30564K [0x00000000d5580000, 0x00000000d7680000, 0x0000000100000000)
  eden space 29696K, 100% used [0x00000000d5580000,0x00000000d7280000,0x00000000d7280000)
  from space 1024K, 84% used [0x00000000d7580000,0x00000000d76592f0,0x00000000d7680000)
  to   space 2048K, 0% used [0x00000000d7280000,0x00000000d7280000,0x00000000d7480000)
 ParOldGen       total 677888K, used 677441K [0x0000000080000000, 0x00000000a9600000, 0x00000000d5580000)
  object space 677888K, 99% used [0x0000000080000000,0x00000000a95907f0,0x00000000a9600000)
 Metaspace       used 73819K, committed 75328K, reserved 1179648K
  class space    used 6675K, committed 7296K, reserved 1048576K
}
Event: 123.940 GC heap after
{Heap after GC invocations=395 (full 4):
 PSYoungGen      total 31744K, used 813K [0x00000000d5580000, 0x00000000d7680000, 0x0000000100000000)
  eden space 29696K, 0% used [0x00000000d5580000,0x00000000d5580000,0x00000000d7280000)
  from space 2048K, 39% used [0x00000000d7280000,0x00000000d734b770,0x00000000d7480000)
  to   space 1024K, 0% used [0x00000000d7580000,0x00000000d7580000,0x00000000d7680000)
 ParOldGen       total 677888K, used 677878K [0x0000000080000000, 0x00000000a9600000, 0x00000000d5580000)
  object space 677888K, 99% used [0x0000000080000000,0x00000000a95fd9e0,0x00000000a9600000)
 Metaspace       used 73819K, committed 75328K, reserved 1179648K
  class space    used 6675K, committed 7296K, reserved 1048576K
}
Event: 124.117 GC heap before
{Heap before GC invocations=396 (full 4):
 PSYoungGen      total 31744K, used 30509K [0x00000000d5580000, 0x00000000d7680000, 0x0000000100000000)
  eden space 29696K, 100% used [0x00000000d5580000,0x00000000d7280000,0x00000000d7280000)
  from space 2048K, 39% used [0x00000000d7280000,0x00000000d734b770,0x00000000d7480000)
  to   space 1024K, 0% used [0x00000000d7580000,0x00000000d7580000,0x00000000d7680000)
 ParOldGen       total 677888K, used 677878K [0x0000000080000000, 0x00000000a9600000, 0x00000000d5580000)
  object space 677888K, 99% used [0x0000000080000000,0x00000000a95fd9e0,0x00000000a9600000)
 Metaspace       used 73899K, committed 75456K, reserved 1179648K
  class space    used 6700K, committed 7360K, reserved 1048576K
}
Event: 124.127 GC heap after
{Heap after GC invocations=396 (full 4):
 PSYoungGen      total 24576K, used 1019K [0x00000000d5580000, 0x00000000d8400000, 0x0000000100000000)
  eden space 23552K, 0% used [0x00000000d5580000,0x00000000d5580000,0x00000000d6c80000)
  from space 1024K, 99% used [0x00000000d7580000,0x00000000d767ecb0,0x00000000d7680000)
  to   space 9216K, 0% used [0x00000000d6c80000,0x00000000d6c80000,0x00000000d7580000)
 ParOldGen       total 685056K, used 684811K [0x0000000080000000, 0x00000000a9d00000, 0x00000000d5580000)
  object space 685056K, 99% used [0x0000000080000000,0x00000000a9cc2e60,0x00000000a9d00000)
 Metaspace       used 73899K, committed 75456K, reserved 1179648K
  class space    used 6700K, committed 7360K, reserved 1048576K
}
Event: 124.230 GC heap before
{Heap before GC invocations=397 (full 4):
 PSYoungGen      total 24576K, used 24571K [0x00000000d5580000, 0x00000000d8400000, 0x0000000100000000)
  eden space 23552K, 100% used [0x00000000d5580000,0x00000000d6c80000,0x00000000d6c80000)
  from space 1024K, 99% used [0x00000000d7580000,0x00000000d767ecb0,0x00000000d7680000)
  to   space 9216K, 0% used [0x00000000d6c80000,0x00000000d6c80000,0x00000000d7580000)
 ParOldGen       total 685056K, used 684811K [0x0000000080000000, 0x00000000a9d00000, 0x00000000d5580000)
  object space 685056K, 99% used [0x0000000080000000,0x00000000a9cc2e60,0x00000000a9d00000)
 Metaspace       used 73939K, committed 75456K, reserved 1179648K
  class space    used 6703K, committed 7360K, reserved 1048576K
}
Event: 124.237 GC heap after
{Heap after GC invocations=397 (full 4):
 PSYoungGen      total 25088K, used 1294K [0x00000000d5580000, 0x00000000d7680000, 0x0000000100000000)
  eden space 23552K, 0% used [0x00000000d5580000,0x00000000d5580000,0x00000000d6c80000)
  from space 1536K, 84% used [0x00000000d6c80000,0x00000000d6dc3b00,0x00000000d6e00000)
  to   space 4096K, 0% used [0x00000000d7280000,0x00000000d7280000,0x00000000d7680000)
 ParOldGen       total 686080K, used 685807K [0x0000000080000000, 0x00000000a9e00000, 0x00000000d5580000)
  object space 686080K, 99% used [0x0000000080000000,0x00000000a9dbbf40,0x00000000a9e00000)
 Metaspace       used 73939K, committed 75456K, reserved 1179648K
  class space    used 6703K, committed 7360K, reserved 1048576K
}
Event: 124.325 GC heap before
{Heap before GC invocations=398 (full 4):
 PSYoungGen      total 25088K, used 24846K [0x00000000d5580000, 0x00000000d7680000, 0x0000000100000000)
  eden space 23552K, 100% used [0x00000000d5580000,0x00000000d6c80000,0x00000000d6c80000)
  from space 1536K, 84% used [0x00000000d6c80000,0x00000000d6dc3b00,0x00000000d6e00000)
  to   space 4096K, 0% used [0x00000000d7280000,0x00000000d7280000,0x00000000d7680000)
 ParOldGen       total 686080K, used 685807K [0x0000000080000000, 0x00000000a9e00000, 0x00000000d5580000)
  object space 686080K, 99% used [0x0000000080000000,0x00000000a9dbbf40,0x00000000a9e00000)
 Metaspace       used 73939K, committed 75456K, reserved 1179648K
  class space    used 6703K, committed 7360K, reserved 1048576K
}
Event: 124.333 GC heap after
{Heap after GC invocations=398 (full 4):
 PSYoungGen      total 32256K, used 288K [0x00000000d5580000, 0x00000000d7680000, 0x0000000100000000)
  eden space 28160K, 0% used [0x00000000d5580000,0x00000000d5580000,0x00000000d7100000)
  from space 4096K, 7% used [0x00000000d7280000,0x00000000d72c8000,0x00000000d7680000)
  to   space 1536K, 0% used [0x00000000d7100000,0x00000000d7100000,0x00000000d7280000)
 ParOldGen       total 687104K, used 686872K [0x0000000080000000, 0x00000000a9f00000, 0x00000000d5580000)
  object space 687104K, 99% used [0x0000000080000000,0x00000000a9ec6340,0x00000000a9f00000)
 Metaspace       used 73939K, committed 75456K, reserved 1179648K
  class space    used 6703K, committed 7360K, reserved 1048576K
}
Event: 124.568 GC heap before
{Heap before GC invocations=399 (full 4):
 PSYoungGen      total 32256K, used 28448K [0x00000000d5580000, 0x00000000d7680000, 0x0000000100000000)
  eden space 28160K, 100% used [0x00000000d5580000,0x00000000d7100000,0x00000000d7100000)
  from space 4096K, 7% used [0x00000000d7280000,0x00000000d72c8000,0x00000000d7680000)
  to   space 1536K, 0% used [0x00000000d7100000,0x00000000d7100000,0x00000000d7280000)
 ParOldGen       total 687104K, used 686872K [0x0000000080000000, 0x00000000a9f00000, 0x00000000d5580000)
  object space 687104K, 99% used [0x0000000080000000,0x00000000a9ec6340,0x00000000a9f00000)
 Metaspace       used 73942K, committed 75520K, reserved 1179648K
  class space    used 6703K, committed 7360K, reserved 1048576K
}
Event: 124.573 GC heap after
{Heap after GC invocations=399 (full 4):
 PSYoungGen      total 29696K, used 496K [0x00000000d5580000, 0x00000000d7680000, 0x0000000100000000)
  eden space 28160K, 0% used [0x00000000d5580000,0x00000000d5580000,0x00000000d7100000)
  from space 1536K, 32% used [0x00000000d7100000,0x00000000d717c010,0x00000000d7280000)
  to   space 1024K, 0% used [0x00000000d7580000,0x00000000d7580000,0x00000000d7680000)
 ParOldGen       total 687104K, used 687008K [0x0000000080000000, 0x00000000a9f00000, 0x00000000d5580000)
  object space 687104K, 99% used [0x0000000080000000,0x00000000a9ee8340,0x00000000a9f00000)
 Metaspace       used 73942K, committed 75520K, reserved 1179648K
  class space    used 6703K, committed 7360K, reserved 1048576K
}
Event: 124.680 GC heap before
{Heap before GC invocations=400 (full 4):
 PSYoungGen      total 29696K, used 28656K [0x00000000d5580000, 0x00000000d7680000, 0x0000000100000000)
  eden space 28160K, 100% used [0x00000000d5580000,0x00000000d7100000,0x00000000d7100000)
  from space 1536K, 32% used [0x00000000d7100000,0x00000000d717c010,0x00000000d7280000)
  to   space 1024K, 0% used [0x00000000d7580000,0x00000000d7580000,0x00000000d7680000)
 ParOldGen       total 687104K, used 687008K [0x0000000080000000, 0x00000000a9f00000, 0x00000000d5580000)
  object space 687104K, 99% used [0x0000000080000000,0x00000000a9ee8340,0x00000000a9f00000)
 Metaspace       used 73942K, committed 75520K, reserved 1179648K
  class space    used 6703K, committed 7360K, reserved 1048576K
}
Event: 124.686 GC heap after
{Heap after GC invocations=400 (full 4):
 PSYoungGen      total 33280K, used 448K [0x00000000d5580000, 0x00000000d7680000, 0x0000000100000000)
  eden space 32256K, 0% used [0x00000000d5580000,0x00000000d5580000,0x00000000d7500000)
  from space 1024K, 43% used [0x00000000d7580000,0x00000000d75f0000,0x00000000d7680000)
  to   space 512K, 0% used [0x00000000d7500000,0x00000000d7500000,0x00000000d7580000)
 ParOldGen       total 687616K, used 687232K [0x0000000080000000, 0x00000000a9f80000, 0x00000000d5580000)
  object space 687616K, 99% used [0x0000000080000000,0x00000000a9f20340,0x00000000a9f80000)
 Metaspace       used 73942K, committed 75520K, reserved 1179648K
  class space    used 6703K, committed 7360K, reserved 1048576K
}
Event: 124.793 GC heap before
{Heap before GC invocations=401 (full 4):
 PSYoungGen      total 33280K, used 32704K [0x00000000d5580000, 0x00000000d7680000, 0x0000000100000000)
  eden space 32256K, 100% used [0x00000000d5580000,0x00000000d7500000,0x00000000d7500000)
  from space 1024K, 43% used [0x00000000d7580000,0x00000000d75f0000,0x00000000d7680000)
  to   space 512K, 0% used [0x00000000d7500000,0x00000000d7500000,0x00000000d7580000)
 ParOldGen       total 687616K, used 687232K [0x0000000080000000, 0x00000000a9f80000, 0x00000000d5580000)
  object space 687616K, 99% used [0x0000000080000000,0x00000000a9f20340,0x00000000a9f80000)
 Metaspace       used 73942K, committed 75520K, reserved 1179648K
  class space    used 6703K, committed 7360K, reserved 1048576K
}
Event: 124.800 GC heap after
{Heap after GC invocations=401 (full 4):
 PSYoungGen      total 32768K, used 512K [0x00000000d5580000, 0x00000000d7680000, 0x0000000100000000)
  eden space 32256K, 0% used [0x00000000d5580000,0x00000000d5580000,0x00000000d7500000)
  from space 512K, 100% used [0x00000000d7500000,0x00000000d7580000,0x00000000d7580000)
  to   space 1024K, 0% used [0x00000000d7580000,0x00000000d7580000,0x00000000d7680000)
 ParOldGen       total 687616K, used 687368K [0x0000000080000000, 0x00000000a9f80000, 0x00000000d5580000)
  object space 687616K, 99% used [0x0000000080000000,0x00000000a9f42340,0x00000000a9f80000)
 Metaspace       used 73942K, committed 75520K, reserved 1179648K
  class space    used 6703K, committed 7360K, reserved 1048576K
}
Event: 125.097 GC heap before
{Heap before GC invocations=402 (full 4):
 PSYoungGen      total 32768K, used 32768K [0x00000000d5580000, 0x00000000d7680000, 0x0000000100000000)
  eden space 32256K, 100% used [0x00000000d5580000,0x00000000d7500000,0x00000000d7500000)
  from space 512K, 100% used [0x00000000d7500000,0x00000000d7580000,0x00000000d7580000)
  to   space 1024K, 0% used [0x00000000d7580000,0x00000000d7580000,0x00000000d7680000)
 ParOldGen       total 687616K, used 687368K [0x0000000080000000, 0x00000000a9f80000, 0x00000000d5580000)
  object space 687616K, 99% used [0x0000000080000000,0x00000000a9f42340,0x00000000a9f80000)
 Metaspace       used 73964K, committed 75520K, reserved 1179648K
  class space    used 6705K, committed 7360K, reserved 1048576K
}
Event: 125.114 GC heap after
{Heap after GC invocations=402 (full 4):
 PSYoungGen      total 22528K, used 996K [0x00000000d5580000, 0x00000000d8a80000, 0x0000000100000000)
  eden space 21504K, 0% used [0x00000000d5580000,0x00000000d5580000,0x00000000d6a80000)
  from space 1024K, 97% used [0x00000000d7580000,0x00000000d7679340,0x00000000d7680000)
  to   space 11264K, 0% used [0x00000000d6a80000,0x00000000d6a80000,0x00000000d7580000)
 ParOldGen       total 695808K, used 695664K [0x0000000080000000, 0x00000000aa780000, 0x00000000d5580000)
  object space 695808K, 99% used [0x0000000080000000,0x00000000aa75c228,0x00000000aa780000)
 Metaspace       used 73964K, committed 75520K, reserved 1179648K
  class space    used 6705K, committed 7360K, reserved 1048576K
}
Event: 125.577 GC heap before
{Heap before GC invocations=403 (full 4):
 PSYoungGen      total 22528K, used 22486K [0x00000000d5580000, 0x00000000d8a80000, 0x0000000100000000)
  eden space 21504K, 99% used [0x00000000d5580000,0x00000000d6a7c8b8,0x00000000d6a80000)
  from space 1024K, 97% used [0x00000000d7580000,0x00000000d7679340,0x00000000d7680000)
  to   space 11264K, 0% used [0x00000000d6a80000,0x00000000d6a80000,0x00000000d7580000)
 ParOldGen       total 695808K, used 695664K [0x0000000080000000, 0x00000000aa780000, 0x00000000d5580000)
  object space 695808K, 99% used [0x0000000080000000,0x00000000aa75c228,0x00000000aa780000)
 Metaspace       used 73986K, committed 75520K, reserved 1179648K
  class space    used 6705K, committed 7360K, reserved 1048576K
}
Event: 125.587 GC heap after
{Heap after GC invocations=403 (full 4):
 PSYoungGen      total 32768K, used 10369K [0x00000000d5580000, 0x00000000d8080000, 0x0000000100000000)
  eden space 21504K, 0% used [0x00000000d5580000,0x00000000d5580000,0x00000000d6a80000)
  from space 11264K, 92% used [0x00000000d6a80000,0x00000000d74a0558,0x00000000d7580000)
  to   space 11264K, 0% used [0x00000000d7580000,0x00000000d7580000,0x00000000d8080000)
 ParOldGen       total 696832K, used 696655K [0x0000000080000000, 0x00000000aa880000, 0x00000000d5580000)
  object space 696832K, 99% used [0x0000000080000000,0x00000000aa853ef0,0x00000000aa880000)
 Metaspace       used 73986K, committed 75520K, reserved 1179648K
  class space    used 6705K, committed 7360K, reserved 1048576K
}

